<?xml version="1.0" encoding="UTF-8"?>
<testsuite name="com.pantxi.calculator.CalculatorTest" tests="9" skipped="0" failures="0" errors="0" timestamp="2023-09-23T10:49:39" hostname="IUTINFOMM08" time="0.282">
  <properties/>
  <testcase name="divide_devrait_lever_une_exception_quand_diviseur_est_0()" classname="com.pantxi.calculator.CalculatorTest" time="0.152"/>
  <testcase name="add_devrait_lever_une_exception_si_somme_hors_intervalle_des_int()" classname="com.pantxi.calculator.CalculatorTest" time="0.002"/>
  <testcase name="add_devrait_calculer_la_somme_de_deux_int()" classname="com.pantxi.calculator.CalculatorTest" time="0.006"/>
  <testcase name="0 + 1 = 1" classname="com.pantxi.calculator.CalculatorTest" time="0.03"/>
  <testcase name="1 + 2 = 3" classname="com.pantxi.calculator.CalculatorTest" time="0.002"/>
  <testcase name="-2 + 2 = 0" classname="com.pantxi.calculator.CalculatorTest" time="0.001"/>
  <testcase name="0 + 0 = 0" classname="com.pantxi.calculator.CalculatorTest" time="0.001"/>
  <testcase name="-1 + -2 = -3" classname="com.pantxi.calculator.CalculatorTest" time="0.002"/>
  <testcase name="divide_devrait_retourner_zero_quand_diviseur_plus_grand_que_dividende()" classname="com.pantxi.calculator.CalculatorTest" time="0.001"/>
  <system-out><![CDATA[Tic chrono avant tous les tests
Tic chrono apres tous les tests
Duree des tests : 292 millisecondes
Duree des tests : 292 ms
]]></system-out>
  <system-err><![CDATA[]]></system-err>
</testsuite>
